2025-04-15 17:04:03 [main] INFO  org.apache.logging.log4j.LogManager - FireFox Opened
2025-04-15 17:04:04 [main] INFO  org.apache.logging.log4j.LogManager - Window have Been Maximised
2025-04-15 17:04:10 [main] INFO  org.apache.logging.log4j.LogManager - Got the URL
2025-04-15 17:04:10 [main] INFO  org.apache.logging.log4j.LogManager - WebPage Opend
2025-04-15 17:04:11 [main] INFO  org.apache.logging.log4j.LogManager - Credentials Entred
2025-04-15 17:04:12 [main] INFO  org.apache.logging.log4j.LogManager - Login button Clicked
2025-04-15 17:04:14 [main] INFO  org.apache.logging.log4j.LogManager - Logout button Clicked
2025-04-15 17:04:20 [main] INFO  org.apache.logging.log4j.LogManager - FireFox Opened
2025-04-15 17:04:20 [main] INFO  org.apache.logging.log4j.LogManager - Window have Been Maximised
2025-04-15 17:04:28 [main] INFO  org.apache.logging.log4j.LogManager - Got the URL
2025-04-15 17:04:28 [main] INFO  org.apache.logging.log4j.LogManager - WebPage Opend
2025-04-15 17:04:30 [main] INFO  org.apache.logging.log4j.LogManager - Invalid Credentials Entered
2025-04-15 17:04:36 [main] INFO  org.apache.logging.log4j.LogManager - Login button Clicked
2025-04-15 17:04:42 [main] INFO  org.apache.logging.log4j.LogManager - FireFox Opened
2025-04-15 17:04:42 [main] INFO  org.apache.logging.log4j.LogManager - Window have Been Maximised
2025-04-15 17:04:48 [main] INFO  org.apache.logging.log4j.LogManager - Got the URL
2025-04-15 17:04:48 [main] INFO  org.apache.logging.log4j.LogManager - WebPage Opend
2025-04-15 17:04:49 [main] INFO  org.apache.logging.log4j.LogManager - Invalid Credentials Entered
2025-04-15 17:04:49 [main] INFO  org.apache.logging.log4j.LogManager - Login button Clicked
2025-04-15 17:04:55 [main] INFO  org.apache.logging.log4j.LogManager - FireFox Opened
2025-04-15 17:04:55 [main] INFO  org.apache.logging.log4j.LogManager - Window have Been Maximised
2025-04-15 17:05:03 [main] INFO  org.apache.logging.log4j.LogManager - Got the URL
2025-04-15 17:05:03 [main] INFO  org.apache.logging.log4j.LogManager - WebPage Opend
2025-04-15 17:05:06 [main] INFO  org.apache.logging.log4j.LogManager - Forgot Password Clicked
2025-04-15 17:10:00 [main] INFO  org.apache.logging.log4j.LogManager - FireFox Opened
2025-04-15 17:10:00 [main] INFO  org.apache.logging.log4j.LogManager - Window have Been Maximised
2025-04-15 17:10:04 [main] INFO  org.apache.logging.log4j.LogManager - Got the URL
2025-04-15 17:10:04 [main] INFO  org.apache.logging.log4j.LogManager - WebPage Opend
2025-04-15 17:10:07 [main] INFO  org.apache.logging.log4j.LogManager - Credentials Entered
2025-04-15 17:10:09 [main] INFO  org.apache.logging.log4j.LogManager - Clicked on Clock
2025-04-15 17:10:21 [main] INFO  org.apache.logging.log4j.LogManager - Time Entered
2025-04-15 17:10:21 [main] INFO  org.apache.logging.log4j.LogManager - Out Clicked
2025-04-15 17:10:22 [main] INFO  org.apache.logging.log4j.LogManager - In Dashboard Page
2025-04-15 17:10:27 [main] INFO  org.apache.logging.log4j.LogManager - FireFox Opened
2025-04-15 17:10:28 [main] INFO  org.apache.logging.log4j.LogManager - Window have Been Maximised
2025-04-15 17:10:38 [main] INFO  org.apache.logging.log4j.LogManager - Got the URL
2025-04-15 17:10:38 [main] INFO  org.apache.logging.log4j.LogManager - WebPage Opend
2025-04-15 17:10:45 [main] INFO  org.apache.logging.log4j.LogManager - Credentials Entered
2025-04-15 17:10:45 [main] INFO  org.apache.logging.log4j.LogManager - Align Leave Asserted
2025-04-15 17:10:50 [main] INFO  org.apache.logging.log4j.LogManager - FireFox Opened
2025-04-15 17:10:51 [main] INFO  org.apache.logging.log4j.LogManager - Window have Been Maximised
2025-04-15 17:10:57 [main] INFO  org.apache.logging.log4j.LogManager - Got the URL
2025-04-15 17:10:57 [main] INFO  org.apache.logging.log4j.LogManager - WebPage Opend
2025-04-15 17:11:03 [main] INFO  org.apache.logging.log4j.LogManager - Credentials Entered
2025-04-15 17:11:03 [main] INFO  org.apache.logging.log4j.LogManager - Leave list Asserted
2025-04-15 17:11:09 [main] INFO  org.apache.logging.log4j.LogManager - FireFox Opened
2025-04-15 17:11:09 [main] INFO  org.apache.logging.log4j.LogManager - Window have Been Maximised
2025-04-15 17:11:16 [main] INFO  org.apache.logging.log4j.LogManager - Got the URL
2025-04-15 17:11:16 [main] INFO  org.apache.logging.log4j.LogManager - WebPage Opend
2025-04-15 17:11:22 [main] INFO  org.apache.logging.log4j.LogManager - Credentials Entered
2025-04-15 17:11:22 [main] INFO  org.apache.logging.log4j.LogManager - Timesheets Asserted
2025-04-15 17:11:27 [main] INFO  org.apache.logging.log4j.LogManager - FireFox Opened
2025-04-15 17:11:28 [main] INFO  org.apache.logging.log4j.LogManager - Window have Been Maximised
2025-04-15 17:11:33 [main] INFO  org.apache.logging.log4j.LogManager - Got the URL
2025-04-15 17:11:33 [main] INFO  org.apache.logging.log4j.LogManager - WebPage Opend
2025-04-15 17:11:36 [main] INFO  org.apache.logging.log4j.LogManager - Credentials Entered
2025-04-15 17:11:37 [main] INFO  org.apache.logging.log4j.LogManager - Apply Leave Asserted
2025-04-15 17:11:43 [main] INFO  org.apache.logging.log4j.LogManager - FireFox Opened
2025-04-15 17:11:43 [main] INFO  org.apache.logging.log4j.LogManager - Window have Been Maximised
2025-04-15 17:11:48 [main] INFO  org.apache.logging.log4j.LogManager - Got the URL
2025-04-15 17:11:48 [main] INFO  org.apache.logging.log4j.LogManager - WebPage Opend
2025-04-15 17:11:51 [main] INFO  org.apache.logging.log4j.LogManager - Credentials Entered
2025-04-15 17:11:53 [main] INFO  org.apache.logging.log4j.LogManager - My Leave Asserted
2025-04-15 17:11:58 [main] INFO  org.apache.logging.log4j.LogManager - FireFox Opened
2025-04-15 17:11:59 [main] INFO  org.apache.logging.log4j.LogManager - Window have Been Maximised
2025-04-15 17:12:06 [main] INFO  org.apache.logging.log4j.LogManager - Got the URL
2025-04-15 17:12:06 [main] INFO  org.apache.logging.log4j.LogManager - WebPage Opend
2025-04-15 17:12:09 [main] INFO  org.apache.logging.log4j.LogManager - Credentials Entered
2025-04-15 17:12:10 [main] INFO  org.apache.logging.log4j.LogManager - My Timesheet Asserted
2025-04-15 17:14:26 [main] INFO  org.apache.logging.log4j.LogManager - FireFox Opened
2025-04-15 17:14:26 [main] INFO  org.apache.logging.log4j.LogManager - Window have Been Maximised
2025-04-15 17:14:30 [main] INFO  org.apache.logging.log4j.LogManager - Got the URL
2025-04-15 17:14:30 [main] INFO  org.apache.logging.log4j.LogManager - WebPage Opend
2025-04-15 17:14:33 [main] INFO  org.apache.logging.log4j.LogManager - Credentials Entered
2025-04-15 17:14:35 [main] INFO  org.apache.logging.log4j.LogManager - On Buzz Page
2025-04-15 17:14:35 [main] INFO  org.apache.logging.log4j.LogManager - Text Entered
2025-04-15 17:14:36 [main] INFO  org.apache.logging.log4j.LogManager - Clicked On Post
2025-04-15 17:14:36 [main] INFO  org.apache.logging.log4j.LogManager - Liked the Post
2025-04-15 17:14:42 [main] INFO  org.apache.logging.log4j.LogManager - FireFox Opened
2025-04-15 17:14:43 [main] INFO  org.apache.logging.log4j.LogManager - Window have Been Maximised
2025-04-15 17:14:48 [main] INFO  org.apache.logging.log4j.LogManager - Got the URL
2025-04-15 17:14:48 [main] INFO  org.apache.logging.log4j.LogManager - WebPage Opend
2025-04-15 17:14:51 [main] INFO  org.apache.logging.log4j.LogManager - Credentials Entered
2025-04-15 17:14:52 [main] INFO  org.apache.logging.log4j.LogManager - DashBoard Menu Clicked
2025-04-15 17:14:54 [main] INFO  org.apache.logging.log4j.LogManager - Asserted the Post
2025-04-15 22:13:46 [main] INFO  org.apache.logging.log4j.LogManager - FireFox Opened
2025-04-15 22:13:47 [main] INFO  org.apache.logging.log4j.LogManager - Window have Been Maximised
2025-04-15 22:13:52 [main] INFO  org.apache.logging.log4j.LogManager - Got the URL
2025-04-15 22:13:55 [main] INFO  org.apache.logging.log4j.LogManager - WebPage Opened
2025-04-15 22:13:55 [main] INFO  org.apache.logging.log4j.LogManager - Credentials Entred
2025-04-15 22:13:58 [main] INFO  org.apache.logging.log4j.LogManager - Clicked Time Module
2025-04-15 22:13:59 [main] INFO  org.apache.logging.log4j.LogManager - Clicked Time Sheets
2025-04-15 22:14:05 [main] INFO  org.apache.logging.log4j.LogManager - Employee Selected
2025-04-15 22:14:06 [main] INFO  org.apache.logging.log4j.LogManager - Clicked on the employee Timesheet
2025-04-15 22:14:07 [main] INFO  org.apache.logging.log4j.LogManager - Clicked on Create Timesheet
2025-04-15 22:14:12 [main] INFO  org.apache.logging.log4j.LogManager - FireFox Opened
2025-04-15 22:14:13 [main] INFO  org.apache.logging.log4j.LogManager - Window have Been Maximised
2025-04-15 22:14:17 [main] INFO  org.apache.logging.log4j.LogManager - Got the URL
2025-04-15 22:14:20 [main] INFO  org.apache.logging.log4j.LogManager - WebPage Opened
2025-04-15 22:14:20 [main] INFO  org.apache.logging.log4j.LogManager - Credentials Entred
2025-04-15 22:14:22 [main] INFO  org.apache.logging.log4j.LogManager - Clicked Time Module
2025-04-15 22:14:23 [main] INFO  org.apache.logging.log4j.LogManager - Clicked Time Sheets
2025-04-15 22:14:25 [main] INFO  org.apache.logging.log4j.LogManager - Clicked on the employee Timesheet
2025-04-15 22:21:20 [main] INFO  org.apache.logging.log4j.LogManager - FireFox Opened
2025-04-15 22:21:21 [main] INFO  org.apache.logging.log4j.LogManager - Window have Been Maximised
2025-04-15 22:21:26 [main] INFO  org.apache.logging.log4j.LogManager - Got the URL
2025-04-15 22:21:29 [main] INFO  org.apache.logging.log4j.LogManager - WebPage Opened
2025-04-15 22:21:29 [main] INFO  org.apache.logging.log4j.LogManager - Credentials Entred
2025-04-15 22:21:31 [main] INFO  org.apache.logging.log4j.LogManager - Clicked Time Module
2025-04-15 22:21:32 [main] INFO  org.apache.logging.log4j.LogManager - Clicked Time Sheets
2025-04-15 22:21:39 [main] INFO  org.apache.logging.log4j.LogManager - Employee Selected
2025-04-15 22:21:39 [main] INFO  org.apache.logging.log4j.LogManager - Clicked on the employee Timesheet
2025-04-15 22:21:40 [main] INFO  org.apache.logging.log4j.LogManager - Clicked on Create Timesheet
2025-04-15 22:21:46 [main] INFO  org.apache.logging.log4j.LogManager - FireFox Opened
2025-04-15 22:21:47 [main] INFO  org.apache.logging.log4j.LogManager - Window have Been Maximised
2025-04-15 22:21:50 [main] INFO  org.apache.logging.log4j.LogManager - Got the URL
2025-04-15 22:21:52 [main] INFO  org.apache.logging.log4j.LogManager - WebPage Opened
2025-04-15 22:21:52 [main] INFO  org.apache.logging.log4j.LogManager - Credentials Entred
2025-04-15 22:21:55 [main] INFO  org.apache.logging.log4j.LogManager - Clicked Time Module
2025-04-15 22:21:55 [main] INFO  org.apache.logging.log4j.LogManager - Clicked Time Sheets
2025-04-15 22:21:57 [main] INFO  org.apache.logging.log4j.LogManager - Clicked on the employee Timesheet
2025-04-16 12:37:43 [main] INFO  org.apache.logging.log4j.LogManager - FireFox Opened
2025-04-16 12:37:43 [main] INFO  org.apache.logging.log4j.LogManager - Window have Been Maximised
2025-04-16 12:37:50 [main] INFO  org.apache.logging.log4j.LogManager - FireFox Opened
2025-04-16 12:37:50 [main] INFO  org.apache.logging.log4j.LogManager - Window have Been Maximised
2025-04-16 12:38:15 [main] INFO  org.apache.logging.log4j.LogManager - FireFox Opened
2025-04-16 12:38:15 [main] INFO  org.apache.logging.log4j.LogManager - Window have Been Maximised
2025-04-16 12:38:18 [main] INFO  org.apache.logging.log4j.LogManager - Got the URL
2025-04-16 12:38:21 [main] INFO  org.apache.logging.log4j.LogManager - WebPage Opened
2025-04-16 12:38:21 [main] INFO  org.apache.logging.log4j.LogManager - Credentials Entred
2025-04-16 12:38:23 [main] INFO  org.apache.logging.log4j.LogManager - Clicked Time Module
2025-04-16 12:38:24 [main] INFO  org.apache.logging.log4j.LogManager - Clicked Time Sheets
2025-04-16 12:38:30 [main] INFO  org.apache.logging.log4j.LogManager - Employee Selected
2025-04-16 12:38:31 [main] INFO  org.apache.logging.log4j.LogManager - Clicked on the employee Timesheet
2025-04-16 12:38:32 [main] INFO  org.apache.logging.log4j.LogManager - Clicked on Create Timesheet
2025-04-16 12:38:38 [main] INFO  org.apache.logging.log4j.LogManager - FireFox Opened
2025-04-16 12:38:38 [main] INFO  org.apache.logging.log4j.LogManager - Window have Been Maximised
2025-04-16 12:38:42 [main] INFO  org.apache.logging.log4j.LogManager - Got the URL
2025-04-16 12:38:45 [main] INFO  org.apache.logging.log4j.LogManager - WebPage Opened
2025-04-16 12:38:45 [main] INFO  org.apache.logging.log4j.LogManager - Credentials Entred
2025-04-16 12:38:48 [main] INFO  org.apache.logging.log4j.LogManager - Clicked Time Module
2025-04-16 12:38:49 [main] INFO  org.apache.logging.log4j.LogManager - Clicked Time Sheets
2025-04-16 12:38:51 [main] INFO  org.apache.logging.log4j.LogManager - Clicked on the employee Timesheet
2025-04-16 14:25:40 [main] INFO  org.apache.logging.log4j.LogManager - Firefox opened
2025-04-16 14:25:40 [main] INFO  org.apache.logging.log4j.LogManager - Window has been maximized
2025-04-16 14:25:44 [main] INFO  org.apache.logging.log4j.LogManager - Navigated to URL: https://opensource-demo.orangehrmlive.com/web/index.php/auth/login
2025-04-16 14:25:53 [main] INFO  org.apache.logging.log4j.LogManager - Browser closed successfully
2025-04-16 14:25:58 [main] INFO  org.apache.logging.log4j.LogManager - Firefox opened
2025-04-16 14:25:58 [main] INFO  org.apache.logging.log4j.LogManager - Window has been maximized
2025-04-16 14:26:01 [main] INFO  org.apache.logging.log4j.LogManager - Navigated to URL: https://opensource-demo.orangehrmlive.com/web/index.php/auth/login
2025-04-16 14:26:11 [main] INFO  org.apache.logging.log4j.LogManager - Browser closed successfully
2025-04-16 14:26:53 [main] INFO  org.apache.logging.log4j.LogManager - Firefox opened
2025-04-16 14:26:53 [main] INFO  org.apache.logging.log4j.LogManager - Window has been maximized
2025-04-16 14:26:56 [main] INFO  org.apache.logging.log4j.LogManager - Navigated to URL: https://opensource-demo.orangehrmlive.com/web/index.php/auth/login
2025-04-16 14:27:00 [main] INFO  org.apache.logging.log4j.LogManager - WebPage Opened
2025-04-16 14:27:00 [main] INFO  org.apache.logging.log4j.LogManager - Credentials Entred
2025-04-16 14:27:02 [main] INFO  org.apache.logging.log4j.LogManager - Clicked Time Module
2025-04-16 14:27:02 [main] INFO  org.apache.logging.log4j.LogManager - Clicked Time Sheets
2025-04-16 14:27:09 [main] INFO  org.apache.logging.log4j.LogManager - Employee Selected
2025-04-16 14:27:10 [main] INFO  org.apache.logging.log4j.LogManager - Clicked on the employee Timesheet
2025-04-16 14:27:11 [main] INFO  org.apache.logging.log4j.LogManager - Clicked on Create Timesheet
2025-04-16 14:27:12 [main] INFO  org.apache.logging.log4j.LogManager - Browser closed successfully
2025-04-16 14:27:21 [main] INFO  org.apache.logging.log4j.LogManager - Firefox opened
2025-04-16 14:27:21 [main] INFO  org.apache.logging.log4j.LogManager - Window has been maximized
2025-04-16 14:27:25 [main] INFO  org.apache.logging.log4j.LogManager - Navigated to URL: https://opensource-demo.orangehrmlive.com/web/index.php/auth/login
2025-04-16 14:27:28 [main] INFO  org.apache.logging.log4j.LogManager - WebPage Opened
2025-04-16 14:27:28 [main] INFO  org.apache.logging.log4j.LogManager - Credentials Entred
2025-04-16 14:27:31 [main] INFO  org.apache.logging.log4j.LogManager - Clicked Time Module
2025-04-16 14:27:31 [main] INFO  org.apache.logging.log4j.LogManager - Clicked Time Sheets
2025-04-16 14:27:34 [main] INFO  org.apache.logging.log4j.LogManager - Clicked on the employee Timesheet
2025-04-16 14:27:36 [main] INFO  org.apache.logging.log4j.LogManager - Browser closed successfully
2025-04-16 14:43:07 [main] INFO  org.apache.logging.log4j.LogManager - Firefox opened
2025-04-16 14:43:07 [main] INFO  org.apache.logging.log4j.LogManager - Window has been maximized
2025-04-16 14:43:10 [main] INFO  org.apache.logging.log4j.LogManager - Navigated to URL: https://opensource-demo.orangehrmlive.com/web/index.php/auth/login
2025-04-16 14:43:10 [main] INFO  org.apache.logging.log4j.LogManager - WebPage Opend
2025-04-16 14:43:11 [main] INFO  org.apache.logging.log4j.LogManager - Credentials Entred
2025-04-16 14:43:12 [main] INFO  org.apache.logging.log4j.LogManager - Login button Clicked
2025-04-16 14:43:14 [main] INFO  org.apache.logging.log4j.LogManager - Logout button Clicked
2025-04-16 14:43:16 [main] INFO  org.apache.logging.log4j.LogManager - Browser closed successfully
2025-04-16 14:43:20 [main] INFO  org.apache.logging.log4j.LogManager - Firefox opened
2025-04-16 14:43:20 [main] INFO  org.apache.logging.log4j.LogManager - Window has been maximized
2025-04-16 14:43:23 [main] INFO  org.apache.logging.log4j.LogManager - Navigated to URL: https://opensource-demo.orangehrmlive.com/web/index.php/auth/login
2025-04-16 14:43:23 [main] INFO  org.apache.logging.log4j.LogManager - WebPage Opend
2025-04-16 14:43:24 [main] INFO  org.apache.logging.log4j.LogManager - Invalid Credentials Entered
2025-04-16 14:43:26 [main] INFO  org.apache.logging.log4j.LogManager - Login button Clicked
2025-04-16 14:43:27 [main] INFO  org.apache.logging.log4j.LogManager - Browser closed successfully
2025-04-16 14:43:31 [main] INFO  org.apache.logging.log4j.LogManager - Firefox opened
2025-04-16 14:43:31 [main] INFO  org.apache.logging.log4j.LogManager - Window has been maximized
2025-04-16 14:43:34 [main] INFO  org.apache.logging.log4j.LogManager - Navigated to URL: https://opensource-demo.orangehrmlive.com/web/index.php/auth/login
2025-04-16 14:43:34 [main] INFO  org.apache.logging.log4j.LogManager - WebPage Opend
2025-04-16 14:43:35 [main] INFO  org.apache.logging.log4j.LogManager - Invalid Credentials Entered
2025-04-16 14:43:36 [main] INFO  org.apache.logging.log4j.LogManager - Login button Clicked
2025-04-16 14:43:37 [main] INFO  org.apache.logging.log4j.LogManager - Browser closed successfully
2025-04-16 14:43:43 [main] INFO  org.apache.logging.log4j.LogManager - Firefox opened
2025-04-16 14:43:43 [main] INFO  org.apache.logging.log4j.LogManager - Window has been maximized
2025-04-16 14:43:47 [main] INFO  org.apache.logging.log4j.LogManager - Navigated to URL: https://opensource-demo.orangehrmlive.com/web/index.php/auth/login
2025-04-16 14:43:47 [main] INFO  org.apache.logging.log4j.LogManager - WebPage Opend
2025-04-16 14:43:49 [main] INFO  org.apache.logging.log4j.LogManager - Forgot Password Clicked
2025-04-16 14:43:50 [main] INFO  org.apache.logging.log4j.LogManager - Browser closed successfully
2025-04-16 14:43:55 [main] INFO  org.apache.logging.log4j.LogManager - Firefox opened
2025-04-16 14:43:55 [main] INFO  org.apache.logging.log4j.LogManager - Window has been maximized
2025-04-16 14:43:58 [main] INFO  org.apache.logging.log4j.LogManager - Navigated to URL: https://opensource-demo.orangehrmlive.com/web/index.php/auth/login
2025-04-16 14:43:58 [main] INFO  org.apache.logging.log4j.LogManager - WebPage Opend
2025-04-16 14:44:00 [main] INFO  org.apache.logging.log4j.LogManager - Credentials Entered
2025-04-16 14:44:13 [main] INFO  org.apache.logging.log4j.LogManager - Browser closed successfully
2025-04-16 14:44:19 [main] INFO  org.apache.logging.log4j.LogManager - Firefox opened
2025-04-16 14:44:19 [main] INFO  org.apache.logging.log4j.LogManager - Window has been maximized
2025-04-16 14:44:22 [main] INFO  org.apache.logging.log4j.LogManager - Navigated to URL: https://opensource-demo.orangehrmlive.com/web/index.php/auth/login
2025-04-16 14:44:22 [main] INFO  org.apache.logging.log4j.LogManager - WebPage Opend
2025-04-16 14:44:24 [main] INFO  org.apache.logging.log4j.LogManager - Credentials Entered
2025-04-16 14:44:33 [main] INFO  org.apache.logging.log4j.LogManager - Browser closed successfully
2025-04-16 14:44:38 [main] INFO  org.apache.logging.log4j.LogManager - Firefox opened
2025-04-16 14:44:38 [main] INFO  org.apache.logging.log4j.LogManager - Window has been maximized
2025-04-16 14:44:42 [main] INFO  org.apache.logging.log4j.LogManager - Navigated to URL: https://opensource-demo.orangehrmlive.com/web/index.php/auth/login
2025-04-16 14:44:42 [main] INFO  org.apache.logging.log4j.LogManager - WebPage Opend
2025-04-16 14:44:44 [main] INFO  org.apache.logging.log4j.LogManager - Credentials Entered
2025-04-16 14:44:51 [main] INFO  org.apache.logging.log4j.LogManager - Browser closed successfully
2025-04-16 14:44:55 [main] INFO  org.apache.logging.log4j.LogManager - Firefox opened
2025-04-16 14:44:55 [main] INFO  org.apache.logging.log4j.LogManager - Window has been maximized
2025-04-16 14:44:58 [main] INFO  org.apache.logging.log4j.LogManager - Navigated to URL: https://opensource-demo.orangehrmlive.com/web/index.php/auth/login
2025-04-16 14:44:58 [main] INFO  org.apache.logging.log4j.LogManager - WebPage Opend
2025-04-16 14:45:01 [main] INFO  org.apache.logging.log4j.LogManager - Credentials Entered
2025-04-16 14:45:12 [main] INFO  org.apache.logging.log4j.LogManager - Browser closed successfully
2025-04-16 14:45:18 [main] INFO  org.apache.logging.log4j.LogManager - Firefox opened
2025-04-16 14:45:18 [main] INFO  org.apache.logging.log4j.LogManager - Window has been maximized
2025-04-16 14:45:21 [main] INFO  org.apache.logging.log4j.LogManager - Navigated to URL: https://opensource-demo.orangehrmlive.com/web/index.php/auth/login
2025-04-16 14:45:21 [main] INFO  org.apache.logging.log4j.LogManager - WebPage Opend
2025-04-16 14:45:24 [main] INFO  org.apache.logging.log4j.LogManager - Credentials Entered
2025-04-16 14:45:32 [main] INFO  org.apache.logging.log4j.LogManager - Browser closed successfully
2025-04-16 14:45:37 [main] INFO  org.apache.logging.log4j.LogManager - Firefox opened
2025-04-16 14:45:37 [main] INFO  org.apache.logging.log4j.LogManager - Window has been maximized
2025-04-16 14:45:40 [main] INFO  org.apache.logging.log4j.LogManager - Navigated to URL: https://opensource-demo.orangehrmlive.com/web/index.php/auth/login
2025-04-16 14:45:40 [main] INFO  org.apache.logging.log4j.LogManager - WebPage Opend
2025-04-16 14:45:42 [main] INFO  org.apache.logging.log4j.LogManager - Credentials Entered
2025-04-16 14:45:49 [main] INFO  org.apache.logging.log4j.LogManager - Browser closed successfully
2025-04-16 14:45:53 [main] INFO  org.apache.logging.log4j.LogManager - Firefox opened
2025-04-16 14:45:53 [main] INFO  org.apache.logging.log4j.LogManager - Window has been maximized
2025-04-16 14:45:56 [main] INFO  org.apache.logging.log4j.LogManager - Navigated to URL: https://opensource-demo.orangehrmlive.com/web/index.php/auth/login
2025-04-16 14:45:56 [main] INFO  org.apache.logging.log4j.LogManager - WebPage Opend
2025-04-16 14:45:58 [main] INFO  org.apache.logging.log4j.LogManager - Credentials Entered
2025-04-16 14:46:01 [main] INFO  org.apache.logging.log4j.LogManager - Clicked on Clock
2025-04-16 14:46:13 [main] INFO  org.apache.logging.log4j.LogManager - Time Entered
2025-04-16 14:46:13 [main] INFO  org.apache.logging.log4j.LogManager - Out Clicked
2025-04-16 14:46:14 [main] INFO  org.apache.logging.log4j.LogManager - In Dashboard Page
2025-04-16 14:46:15 [main] INFO  org.apache.logging.log4j.LogManager - Browser closed successfully
2025-04-16 14:46:19 [main] INFO  org.apache.logging.log4j.LogManager - Firefox opened
2025-04-16 14:46:19 [main] INFO  org.apache.logging.log4j.LogManager - Window has been maximized
2025-04-16 14:46:22 [main] INFO  org.apache.logging.log4j.LogManager - Navigated to URL: https://opensource-demo.orangehrmlive.com/web/index.php/auth/login
2025-04-16 14:46:22 [main] INFO  org.apache.logging.log4j.LogManager - WebPage Opend
2025-04-16 14:46:27 [main] INFO  org.apache.logging.log4j.LogManager - Credentials Entered
2025-04-16 14:46:28 [main] INFO  org.apache.logging.log4j.LogManager - Align Leave Asserted
2025-04-16 14:46:29 [main] INFO  org.apache.logging.log4j.LogManager - Browser closed successfully
2025-04-16 14:46:34 [main] INFO  org.apache.logging.log4j.LogManager - Firefox opened
2025-04-16 14:46:34 [main] INFO  org.apache.logging.log4j.LogManager - Window has been maximized
2025-04-16 14:46:37 [main] INFO  org.apache.logging.log4j.LogManager - Navigated to URL: https://opensource-demo.orangehrmlive.com/web/index.php/auth/login
2025-04-16 14:46:37 [main] INFO  org.apache.logging.log4j.LogManager - WebPage Opend
2025-04-16 14:46:39 [main] INFO  org.apache.logging.log4j.LogManager - Credentials Entered
2025-04-16 14:46:41 [main] INFO  org.apache.logging.log4j.LogManager - Leave list Asserted
2025-04-16 14:46:42 [main] INFO  org.apache.logging.log4j.LogManager - Browser closed successfully
2025-04-16 14:46:46 [main] INFO  org.apache.logging.log4j.LogManager - Firefox opened
2025-04-16 14:46:46 [main] INFO  org.apache.logging.log4j.LogManager - Window has been maximized
2025-04-16 14:46:49 [main] INFO  org.apache.logging.log4j.LogManager - Navigated to URL: https://opensource-demo.orangehrmlive.com/web/index.php/auth/login
2025-04-16 14:46:49 [main] INFO  org.apache.logging.log4j.LogManager - WebPage Opend
2025-04-16 14:46:52 [main] INFO  org.apache.logging.log4j.LogManager - Credentials Entered
2025-04-16 14:46:53 [main] INFO  org.apache.logging.log4j.LogManager - Timesheets Asserted
2025-04-16 14:46:54 [main] INFO  org.apache.logging.log4j.LogManager - Browser closed successfully
2025-04-16 14:46:58 [main] INFO  org.apache.logging.log4j.LogManager - Firefox opened
2025-04-16 14:46:58 [main] INFO  org.apache.logging.log4j.LogManager - Window has been maximized
2025-04-16 14:47:02 [main] INFO  org.apache.logging.log4j.LogManager - Navigated to URL: https://opensource-demo.orangehrmlive.com/web/index.php/auth/login
2025-04-16 14:47:02 [main] INFO  org.apache.logging.log4j.LogManager - WebPage Opend
2025-04-16 14:47:04 [main] INFO  org.apache.logging.log4j.LogManager - Credentials Entered
2025-04-16 14:47:05 [main] INFO  org.apache.logging.log4j.LogManager - Apply Leave Asserted
2025-04-16 14:47:07 [main] INFO  org.apache.logging.log4j.LogManager - Browser closed successfully
2025-04-16 14:47:11 [main] INFO  org.apache.logging.log4j.LogManager - Firefox opened
2025-04-16 14:47:11 [main] INFO  org.apache.logging.log4j.LogManager - Window has been maximized
2025-04-16 14:47:14 [main] INFO  org.apache.logging.log4j.LogManager - Navigated to URL: https://opensource-demo.orangehrmlive.com/web/index.php/auth/login
2025-04-16 14:47:14 [main] INFO  org.apache.logging.log4j.LogManager - WebPage Opend
2025-04-16 14:47:16 [main] INFO  org.apache.logging.log4j.LogManager - Credentials Entered
2025-04-16 14:47:17 [main] INFO  org.apache.logging.log4j.LogManager - My Leave Asserted
2025-04-16 14:47:18 [main] INFO  org.apache.logging.log4j.LogManager - Browser closed successfully
2025-04-16 14:47:23 [main] INFO  org.apache.logging.log4j.LogManager - Firefox opened
2025-04-16 14:47:23 [main] INFO  org.apache.logging.log4j.LogManager - Window has been maximized
2025-04-16 14:47:26 [main] INFO  org.apache.logging.log4j.LogManager - Navigated to URL: https://opensource-demo.orangehrmlive.com/web/index.php/auth/login
2025-04-16 14:47:26 [main] INFO  org.apache.logging.log4j.LogManager - WebPage Opend
2025-04-16 14:47:28 [main] INFO  org.apache.logging.log4j.LogManager - Credentials Entered
2025-04-16 14:47:30 [main] INFO  org.apache.logging.log4j.LogManager - My Timesheet Asserted
2025-04-16 14:47:31 [main] INFO  org.apache.logging.log4j.LogManager - Browser closed successfully
2025-04-16 14:47:35 [main] INFO  org.apache.logging.log4j.LogManager - Firefox opened
2025-04-16 14:47:35 [main] INFO  org.apache.logging.log4j.LogManager - Window has been maximized
2025-04-16 14:47:38 [main] INFO  org.apache.logging.log4j.LogManager - Navigated to URL: https://opensource-demo.orangehrmlive.com/web/index.php/auth/login
2025-04-16 14:47:38 [main] INFO  org.apache.logging.log4j.LogManager - WebPage Opend
2025-04-16 14:47:40 [main] INFO  org.apache.logging.log4j.LogManager - Credentials Entered
2025-04-16 14:47:43 [main] INFO  org.apache.logging.log4j.LogManager - On Buzz Page
2025-04-16 14:47:43 [main] INFO  org.apache.logging.log4j.LogManager - Text Entered
2025-04-16 14:47:44 [main] INFO  org.apache.logging.log4j.LogManager - Clicked On Post
2025-04-16 14:47:44 [main] INFO  org.apache.logging.log4j.LogManager - Liked the Post
2025-04-16 14:47:46 [main] INFO  org.apache.logging.log4j.LogManager - Browser closed successfully
2025-04-16 14:47:51 [main] INFO  org.apache.logging.log4j.LogManager - Firefox opened
2025-04-16 14:47:52 [main] INFO  org.apache.logging.log4j.LogManager - Window has been maximized
2025-04-16 14:47:55 [main] INFO  org.apache.logging.log4j.LogManager - Navigated to URL: https://opensource-demo.orangehrmlive.com/web/index.php/auth/login
2025-04-16 14:47:55 [main] INFO  org.apache.logging.log4j.LogManager - WebPage Opend
2025-04-16 14:47:57 [main] INFO  org.apache.logging.log4j.LogManager - Credentials Entered
2025-04-16 14:47:59 [main] INFO  org.apache.logging.log4j.LogManager - DashBoard Menu Clicked
2025-04-16 14:48:00 [main] INFO  org.apache.logging.log4j.LogManager - Asserted the Post
2025-04-16 14:48:02 [main] INFO  org.apache.logging.log4j.LogManager - Browser closed successfully
2025-04-16 14:48:08 [main] INFO  org.apache.logging.log4j.LogManager - Firefox opened
2025-04-16 14:48:08 [main] INFO  org.apache.logging.log4j.LogManager - Window has been maximized
2025-04-16 14:48:11 [main] INFO  org.apache.logging.log4j.LogManager - Navigated to URL: https://opensource-demo.orangehrmlive.com/web/index.php/auth/login
2025-04-16 14:48:20 [main] INFO  org.apache.logging.log4j.LogManager - Browser closed successfully
2025-04-16 14:48:25 [main] INFO  org.apache.logging.log4j.LogManager - Firefox opened
2025-04-16 14:48:25 [main] INFO  org.apache.logging.log4j.LogManager - Window has been maximized
2025-04-16 14:48:28 [main] INFO  org.apache.logging.log4j.LogManager - Navigated to URL: https://opensource-demo.orangehrmlive.com/web/index.php/auth/login
2025-04-16 14:48:38 [main] INFO  org.apache.logging.log4j.LogManager - Browser closed successfully
2025-04-16 14:48:43 [main] INFO  org.apache.logging.log4j.LogManager - Firefox opened
2025-04-16 14:48:43 [main] INFO  org.apache.logging.log4j.LogManager - Window has been maximized
2025-04-16 14:48:47 [main] INFO  org.apache.logging.log4j.LogManager - Navigated to URL: https://opensource-demo.orangehrmlive.com/web/index.php/auth/login
2025-04-16 14:48:51 [main] INFO  org.apache.logging.log4j.LogManager - WebPage Opened
2025-04-16 14:48:51 [main] INFO  org.apache.logging.log4j.LogManager - Credentials Entered
2025-04-16 14:48:51 [main] INFO  org.apache.logging.log4j.LogManager - Clicked Login button
2025-04-16 14:48:55 [main] INFO  org.apache.logging.log4j.LogManager - Clicked PIM Menu
2025-04-16 14:49:00 [main] INFO  org.apache.logging.log4j.LogManager - Clicked on Configuration Fields
2025-04-16 14:49:00 [main] INFO  org.apache.logging.log4j.LogManager - Clicked on the Optional Fields
2025-04-16 14:49:00 [main] INFO  org.apache.logging.log4j.LogManager - Align Leave Asserted
2025-04-16 14:49:01 [main] INFO  org.apache.logging.log4j.LogManager - Clicked the save button
2025-04-16 14:49:02 [main] INFO  org.apache.logging.log4j.LogManager - Browser closed successfully
2025-04-16 14:49:06 [main] INFO  org.apache.logging.log4j.LogManager - Firefox opened
2025-04-16 14:49:06 [main] INFO  org.apache.logging.log4j.LogManager - Window has been maximized
2025-04-16 14:49:10 [main] INFO  org.apache.logging.log4j.LogManager - Navigated to URL: https://opensource-demo.orangehrmlive.com/web/index.php/auth/login
2025-04-16 14:49:13 [main] INFO  org.apache.logging.log4j.LogManager - WebPage Opened
2025-04-16 14:49:13 [main] INFO  org.apache.logging.log4j.LogManager - Credentials Entered
2025-04-16 14:49:13 [main] INFO  org.apache.logging.log4j.LogManager - Clicked Login button
2025-04-16 14:49:15 [main] INFO  org.apache.logging.log4j.LogManager - Clicked PIM Menu
2025-04-16 14:49:17 [main] INFO  org.apache.logging.log4j.LogManager - Clicked the Configuration Menu
2025-04-16 14:49:22 [main] INFO  org.apache.logging.log4j.LogManager - Clicked Add button
2025-04-16 14:49:22 [main] INFO  org.apache.logging.log4j.LogManager - Data Filled
2025-04-16 14:49:26 [main] INFO  org.apache.logging.log4j.LogManager - Clicked the save button
2025-04-16 14:49:28 [main] INFO  org.apache.logging.log4j.LogManager - Browser closed successfully
2025-04-16 14:49:32 [main] INFO  org.apache.logging.log4j.LogManager - Firefox opened
2025-04-16 14:49:32 [main] INFO  org.apache.logging.log4j.LogManager - Window has been maximized
2025-04-16 14:49:35 [main] INFO  org.apache.logging.log4j.LogManager - Navigated to URL: https://opensource-demo.orangehrmlive.com/web/index.php/auth/login
2025-04-16 14:49:37 [main] INFO  org.apache.logging.log4j.LogManager - WebPage Opened
2025-04-16 14:49:37 [main] INFO  org.apache.logging.log4j.LogManager - Credentials Entered
2025-04-16 14:49:37 [main] INFO  org.apache.logging.log4j.LogManager - Clicked Login button
2025-04-16 14:49:39 [main] INFO  org.apache.logging.log4j.LogManager - Clicked PIM Menu
2025-04-16 14:49:45 [main] INFO  org.apache.logging.log4j.LogManager - Clicked Add button
2025-04-16 14:49:45 [main] INFO  org.apache.logging.log4j.LogManager - Enters Name
2025-04-16 14:49:48 [main] INFO  org.apache.logging.log4j.LogManager - Clicked the save button
2025-04-16 14:49:50 [main] INFO  org.apache.logging.log4j.LogManager - Reporting Method Added
2025-04-16 14:49:51 [main] INFO  org.apache.logging.log4j.LogManager - Browser closed successfully
2025-04-16 14:49:54 [main] INFO  org.apache.logging.log4j.LogManager - Firefox opened
2025-04-16 14:49:55 [main] INFO  org.apache.logging.log4j.LogManager - Window has been maximized
2025-04-16 14:49:58 [main] INFO  org.apache.logging.log4j.LogManager - Navigated to URL: https://opensource-demo.orangehrmlive.com/web/index.php/auth/login
2025-04-16 14:49:59 [main] INFO  org.apache.logging.log4j.LogManager - WebPage Opened
2025-04-16 14:49:59 [main] INFO  org.apache.logging.log4j.LogManager - Credentials Entered
2025-04-16 14:49:59 [main] INFO  org.apache.logging.log4j.LogManager - Clicked Login button
2025-04-16 14:50:01 [main] INFO  org.apache.logging.log4j.LogManager - Clicked PIM Menu
2025-04-16 14:50:03 [main] INFO  org.apache.logging.log4j.LogManager - Clicked the Reason 
2025-04-16 14:50:07 [main] INFO  org.apache.logging.log4j.LogManager - Clicked Add button
2025-04-16 14:50:07 [main] INFO  org.apache.logging.log4j.LogManager - Termination Reason Entered
2025-04-16 14:50:11 [main] INFO  org.apache.logging.log4j.LogManager - Clicked the save button
2025-04-16 14:50:13 [main] INFO  org.apache.logging.log4j.LogManager - Reason Added
2025-04-16 14:50:14 [main] INFO  org.apache.logging.log4j.LogManager - Browser closed successfully
2025-04-16 14:50:18 [main] INFO  org.apache.logging.log4j.LogManager - Firefox opened
2025-04-16 14:50:18 [main] INFO  org.apache.logging.log4j.LogManager - Window has been maximized
2025-04-16 14:50:21 [main] INFO  org.apache.logging.log4j.LogManager - Navigated to URL: https://opensource-demo.orangehrmlive.com/web/index.php/auth/login
2025-04-16 14:50:23 [main] INFO  org.apache.logging.log4j.LogManager - WebPage Opened
2025-04-16 14:50:23 [main] INFO  org.apache.logging.log4j.LogManager - Credentials Entered
2025-04-16 14:50:23 [main] INFO  org.apache.logging.log4j.LogManager - Clicked Login button
2025-04-16 14:50:26 [main] INFO  org.apache.logging.log4j.LogManager - Clicked PIM Menu
2025-04-16 14:50:28 [main] INFO  org.apache.logging.log4j.LogManager - Add Button Clicked
2025-04-16 14:50:30 [main] INFO  org.apache.logging.log4j.LogManager - Data Have Been Entered
2025-04-16 14:50:37 [main] INFO  org.apache.logging.log4j.LogManager - Clicked the save button
2025-04-16 14:50:37 [main] INFO  org.apache.logging.log4j.LogManager - Browser closed successfully
2025-04-16 14:50:41 [main] INFO  org.apache.logging.log4j.LogManager - Firefox opened
2025-04-16 14:50:41 [main] INFO  org.apache.logging.log4j.LogManager - Window has been maximized
2025-04-16 14:50:45 [main] INFO  org.apache.logging.log4j.LogManager - Navigated to URL: https://opensource-demo.orangehrmlive.com/web/index.php/auth/login
2025-04-16 14:50:48 [main] INFO  org.apache.logging.log4j.LogManager - WebPage Opened
2025-04-16 14:50:48 [main] INFO  org.apache.logging.log4j.LogManager - Credentials Entered
2025-04-16 14:50:48 [main] INFO  org.apache.logging.log4j.LogManager - Clicked Login button
2025-04-16 14:50:50 [main] INFO  org.apache.logging.log4j.LogManager - Clicked PIM Menu
2025-04-16 14:50:52 [main] INFO  org.apache.logging.log4j.LogManager - Clicked the Add Employee
2025-04-16 14:50:55 [main] INFO  org.apache.logging.log4j.LogManager - Data Have Been Entered
2025-04-16 14:51:01 [main] INFO  org.apache.logging.log4j.LogManager - Clicked the save button
2025-04-16 14:51:04 [main] INFO  org.apache.logging.log4j.LogManager - Clicked the Report To
2025-04-16 14:51:04 [main] INFO  org.apache.logging.log4j.LogManager - Clicked Add button under supervisior
2025-04-16 14:51:11 [main] INFO  org.apache.logging.log4j.LogManager - Supervisor field is filled
2025-04-16 14:51:17 [main] INFO  org.apache.logging.log4j.LogManager - Clicked the save button
2025-04-16 14:51:17 [main] INFO  org.apache.logging.log4j.LogManager - Verified the user added to supervisior
2025-04-16 14:51:18 [main] INFO  org.apache.logging.log4j.LogManager - Browser closed successfully
2025-04-16 14:51:22 [main] INFO  org.apache.logging.log4j.LogManager - Firefox opened
2025-04-16 14:51:22 [main] INFO  org.apache.logging.log4j.LogManager - Window has been maximized
2025-04-16 14:51:25 [main] INFO  org.apache.logging.log4j.LogManager - Navigated to URL: https://opensource-demo.orangehrmlive.com/web/index.php/auth/login
2025-04-16 14:51:27 [main] INFO  org.apache.logging.log4j.LogManager - WebPage Opened
2025-04-16 14:51:27 [main] INFO  org.apache.logging.log4j.LogManager - Credentials Entered
2025-04-16 14:51:27 [main] INFO  org.apache.logging.log4j.LogManager - Clicked Login button
2025-04-16 14:51:29 [main] INFO  org.apache.logging.log4j.LogManager - Clicked PIM Menu
2025-04-16 14:51:30 [main] INFO  org.apache.logging.log4j.LogManager - Add Button Clicked
2025-04-16 14:51:31 [main] INFO  org.apache.logging.log4j.LogManager - Filled the Employee Form
2025-04-16 14:51:37 [main] INFO  org.apache.logging.log4j.LogManager - Clicked the save button
2025-04-16 14:51:37 [main] INFO  org.apache.logging.log4j.LogManager - Error message recived 
2025-04-16 14:51:38 [main] INFO  org.apache.logging.log4j.LogManager - Browser closed successfully
2025-04-16 14:51:42 [main] INFO  org.apache.logging.log4j.LogManager - Firefox opened
2025-04-16 14:51:42 [main] INFO  org.apache.logging.log4j.LogManager - Window has been maximized
2025-04-16 14:51:45 [main] INFO  org.apache.logging.log4j.LogManager - Navigated to URL: https://opensource-demo.orangehrmlive.com/web/index.php/auth/login
2025-04-16 14:51:47 [main] INFO  org.apache.logging.log4j.LogManager - WebPage Opened
2025-04-16 14:51:47 [main] INFO  org.apache.logging.log4j.LogManager - Credentials Entered
2025-04-16 14:51:47 [main] INFO  org.apache.logging.log4j.LogManager - Clicked Login button
2025-04-16 14:51:49 [main] INFO  org.apache.logging.log4j.LogManager - Clicked PIM Menu
2025-04-16 14:51:50 [main] INFO  org.apache.logging.log4j.LogManager - Add Button Clicked
2025-04-16 14:51:51 [main] INFO  org.apache.logging.log4j.LogManager - Filled the Employee Form
2025-04-16 14:51:57 [main] INFO  org.apache.logging.log4j.LogManager - Clicked the save button
2025-04-16 14:51:57 [main] INFO  org.apache.logging.log4j.LogManager - Error message recived 
2025-04-16 14:51:58 [main] INFO  org.apache.logging.log4j.LogManager - Browser closed successfully
2025-04-16 14:52:02 [main] INFO  org.apache.logging.log4j.LogManager - Firefox opened
2025-04-16 14:52:02 [main] INFO  org.apache.logging.log4j.LogManager - Window has been maximized
2025-04-16 14:52:05 [main] INFO  org.apache.logging.log4j.LogManager - Navigated to URL: https://opensource-demo.orangehrmlive.com/web/index.php/auth/login
2025-04-16 14:52:07 [main] INFO  org.apache.logging.log4j.LogManager - WebPage Opened
2025-04-16 14:52:07 [main] INFO  org.apache.logging.log4j.LogManager - Credentials Entered
2025-04-16 14:52:07 [main] INFO  org.apache.logging.log4j.LogManager - Clicked Login button
2025-04-16 14:52:09 [main] INFO  org.apache.logging.log4j.LogManager - Clicked PIM Menu
2025-04-16 14:52:10 [main] INFO  org.apache.logging.log4j.LogManager - Add Button Clicked
2025-04-16 14:52:11 [main] INFO  org.apache.logging.log4j.LogManager - Filled the Employee Form
2025-04-16 14:52:17 [main] INFO  org.apache.logging.log4j.LogManager - Clicked the save button
2025-04-16 14:52:17 [main] INFO  org.apache.logging.log4j.LogManager - Error message recived 
2025-04-16 14:52:18 [main] INFO  org.apache.logging.log4j.LogManager - Browser closed successfully
2025-04-16 14:52:22 [main] INFO  org.apache.logging.log4j.LogManager - Firefox opened
2025-04-16 14:52:22 [main] INFO  org.apache.logging.log4j.LogManager - Window has been maximized
2025-04-16 14:52:25 [main] INFO  org.apache.logging.log4j.LogManager - Navigated to URL: https://opensource-demo.orangehrmlive.com/web/index.php/auth/login
2025-04-16 14:52:25 [main] INFO  org.apache.logging.log4j.LogManager - WebPage Opend
2025-04-16 14:52:27 [main] INFO  org.apache.logging.log4j.LogManager - Credentials Entered
2025-04-16 14:52:29 [main] INFO  org.apache.logging.log4j.LogManager - On Performance Module
2025-04-16 14:52:31 [main] INFO  org.apache.logging.log4j.LogManager - Configure Clicked
2025-04-16 14:52:31 [main] INFO  org.apache.logging.log4j.LogManager - Trackers Clicked
2025-04-16 14:52:32 [main] INFO  org.apache.logging.log4j.LogManager - Clicked on Add Button
2025-04-16 14:52:39 [main] INFO  org.apache.logging.log4j.LogManager - Trackers details have been entered
2025-04-16 14:52:39 [main] INFO  org.apache.logging.log4j.LogManager - Clicked on Save button
2025-04-16 14:52:43 [main] INFO  org.apache.logging.log4j.LogManager - Asserted
2025-04-16 14:52:44 [main] INFO  org.apache.logging.log4j.LogManager - Browser closed successfully
2025-04-16 14:52:48 [main] INFO  org.apache.logging.log4j.LogManager - Firefox opened
2025-04-16 14:52:48 [main] INFO  org.apache.logging.log4j.LogManager - Window has been maximized
2025-04-16 14:52:51 [main] INFO  org.apache.logging.log4j.LogManager - Navigated to URL: https://opensource-demo.orangehrmlive.com/web/index.php/auth/login
2025-04-16 14:52:51 [main] INFO  org.apache.logging.log4j.LogManager - WebPage Opend
2025-04-16 14:52:53 [main] INFO  org.apache.logging.log4j.LogManager - Credentials Entered
2025-04-16 14:52:55 [main] INFO  org.apache.logging.log4j.LogManager - On Performance Module
2025-04-16 14:52:57 [main] INFO  org.apache.logging.log4j.LogManager - Configure Clicked
2025-04-16 14:52:57 [main] INFO  org.apache.logging.log4j.LogManager - Trackers Clicked
2025-04-16 14:52:58 [main] INFO  org.apache.logging.log4j.LogManager - Clicked on Add Button
2025-04-16 14:52:59 [main] INFO  org.apache.logging.log4j.LogManager - Invalid Trackers details have been Given and Asserted
2025-04-16 14:52:59 [main] INFO  org.apache.logging.log4j.LogManager - Clicked on Save button
2025-04-16 14:52:59 [main] INFO  org.apache.logging.log4j.LogManager - Error Message Displayed
2025-04-16 14:53:00 [main] INFO  org.apache.logging.log4j.LogManager - Browser closed successfully
2025-04-16 14:53:05 [main] INFO  org.apache.logging.log4j.LogManager - Firefox opened
2025-04-16 14:53:05 [main] INFO  org.apache.logging.log4j.LogManager - Window has been maximized
2025-04-16 14:53:08 [main] INFO  org.apache.logging.log4j.LogManager - Navigated to URL: https://opensource-demo.orangehrmlive.com/web/index.php/auth/login
2025-04-16 14:53:08 [main] INFO  org.apache.logging.log4j.LogManager - WebPage Opend
2025-04-16 14:53:09 [main] INFO  org.apache.logging.log4j.LogManager - Credentials Entered
2025-04-16 14:53:11 [main] INFO  org.apache.logging.log4j.LogManager - On Performance Module
2025-04-16 14:53:13 [main] INFO  org.apache.logging.log4j.LogManager - Clicked on Managed Review
2025-04-16 14:53:13 [main] INFO  org.apache.logging.log4j.LogManager - Selected My Reviews
2025-04-16 14:53:15 [main] INFO  org.apache.logging.log4j.LogManager - Browser closed successfully
2025-04-16 14:53:20 [main] INFO  org.apache.logging.log4j.LogManager - Firefox opened
2025-04-16 14:53:20 [main] INFO  org.apache.logging.log4j.LogManager - Window has been maximized
2025-04-16 14:53:23 [main] INFO  org.apache.logging.log4j.LogManager - Navigated to URL: https://opensource-demo.orangehrmlive.com/web/index.php/auth/login
2025-04-16 14:53:23 [main] INFO  org.apache.logging.log4j.LogManager - WebPage Opend
2025-04-16 14:53:28 [main] INFO  org.apache.logging.log4j.LogManager - Credentials Entered
2025-04-16 14:53:29 [main] INFO  org.apache.logging.log4j.LogManager - On Performance Module
2025-04-16 14:53:32 [main] INFO  org.apache.logging.log4j.LogManager - Browser closed successfully
2025-04-16 14:53:37 [main] INFO  org.apache.logging.log4j.LogManager - Firefox opened
2025-04-16 14:53:37 [main] INFO  org.apache.logging.log4j.LogManager - Window has been maximized
2025-04-16 14:53:40 [main] INFO  org.apache.logging.log4j.LogManager - Navigated to URL: https://opensource-demo.orangehrmlive.com/web/index.php/auth/login
2025-04-16 14:53:40 [main] INFO  org.apache.logging.log4j.LogManager - WebPage Opend
2025-04-16 14:53:42 [main] INFO  org.apache.logging.log4j.LogManager - Credentials Entered
2025-04-16 14:53:44 [main] INFO  org.apache.logging.log4j.LogManager - On Performance Module
2025-04-16 14:53:48 [main] INFO  org.apache.logging.log4j.LogManager - Browser closed successfully
2025-04-16 14:53:53 [main] INFO  org.apache.logging.log4j.LogManager - Firefox opened
2025-04-16 14:53:53 [main] INFO  org.apache.logging.log4j.LogManager - Window has been maximized
2025-04-16 14:53:57 [main] INFO  org.apache.logging.log4j.LogManager - Navigated to URL: https://opensource-demo.orangehrmlive.com/web/index.php/auth/login
2025-04-16 14:53:57 [main] INFO  org.apache.logging.log4j.LogManager - WebPage Opend
2025-04-16 14:54:00 [main] INFO  org.apache.logging.log4j.LogManager - Credentials Entered
2025-04-16 14:54:02 [main] INFO  org.apache.logging.log4j.LogManager - On Performance Module
2025-04-16 14:54:06 [main] INFO  org.apache.logging.log4j.LogManager - Browser closed successfully
2025-04-16 14:54:10 [main] INFO  org.apache.logging.log4j.LogManager - Firefox opened
2025-04-16 14:54:10 [main] INFO  org.apache.logging.log4j.LogManager - Window has been maximized
2025-04-16 14:54:13 [main] INFO  org.apache.logging.log4j.LogManager - Navigated to URL: https://opensource-demo.orangehrmlive.com/web/index.php/auth/login
2025-04-16 14:54:15 [main] INFO  org.apache.logging.log4j.LogManager - WebPage Opened
2025-04-16 14:54:15 [main] INFO  org.apache.logging.log4j.LogManager - Credentials Entered
2025-04-16 14:54:15 [main] INFO  org.apache.logging.log4j.LogManager - Clicked Login button
2025-04-16 14:54:17 [main] INFO  org.apache.logging.log4j.LogManager - Clicked Admin Menu
2025-04-16 14:54:22 [main] INFO  org.apache.logging.log4j.LogManager - Clicked UserManagement
2025-04-16 14:54:22 [main] INFO  org.apache.logging.log4j.LogManager - Clicked Selected users
2025-04-16 14:54:23 [main] INFO  org.apache.logging.log4j.LogManager - Clicked Add Button
2025-04-16 14:54:33 [main] INFO  org.apache.logging.log4j.LogManager - User Details Filled
2025-04-16 14:54:33 [main] INFO  org.apache.logging.log4j.LogManager - Clicked the save button
2025-04-16 14:54:34 [main] INFO  org.apache.logging.log4j.LogManager - Browser closed successfully
2025-04-16 14:54:38 [main] INFO  org.apache.logging.log4j.LogManager - Firefox opened
2025-04-16 14:54:38 [main] INFO  org.apache.logging.log4j.LogManager - Window has been maximized
2025-04-16 14:54:41 [main] INFO  org.apache.logging.log4j.LogManager - Navigated to URL: https://opensource-demo.orangehrmlive.com/web/index.php/auth/login
2025-04-16 14:54:44 [main] INFO  org.apache.logging.log4j.LogManager - WebPage Opened
2025-04-16 14:54:44 [main] INFO  org.apache.logging.log4j.LogManager - Credentials Entered
2025-04-16 14:54:44 [main] INFO  org.apache.logging.log4j.LogManager - Clicked Login button
2025-04-16 14:54:46 [main] INFO  org.apache.logging.log4j.LogManager - Clicked Admin Menu
2025-04-16 14:54:47 [main] INFO  org.apache.logging.log4j.LogManager - Filled the Filter Fileds
2025-04-16 14:54:50 [main] INFO  org.apache.logging.log4j.LogManager - Clicked the Search button
2025-04-16 14:54:51 [main] INFO  org.apache.logging.log4j.LogManager - Browser closed successfully
2025-04-16 14:54:55 [main] INFO  org.apache.logging.log4j.LogManager - Firefox opened
2025-04-16 14:54:55 [main] INFO  org.apache.logging.log4j.LogManager - Window has been maximized
2025-04-16 14:54:58 [main] INFO  org.apache.logging.log4j.LogManager - Navigated to URL: https://opensource-demo.orangehrmlive.com/web/index.php/auth/login
2025-04-16 14:55:00 [main] INFO  org.apache.logging.log4j.LogManager - WebPage Opened
2025-04-16 14:55:00 [main] INFO  org.apache.logging.log4j.LogManager - Credentials Entered
2025-04-16 14:55:00 [main] INFO  org.apache.logging.log4j.LogManager - Clicked Login button
2025-04-16 14:55:02 [main] INFO  org.apache.logging.log4j.LogManager - Clicked Admin Menu
2025-04-16 14:55:05 [main] INFO  org.apache.logging.log4j.LogManager - Filled the Filter Fileds
2025-04-16 14:55:09 [main] INFO  org.apache.logging.log4j.LogManager - Clicked the Search button
2025-04-16 14:55:09 [main] INFO  org.apache.logging.log4j.LogManager - Browser closed successfully
2025-04-16 14:55:14 [main] INFO  org.apache.logging.log4j.LogManager - Firefox opened
2025-04-16 14:55:14 [main] INFO  org.apache.logging.log4j.LogManager - Window has been maximized
2025-04-16 14:55:17 [main] INFO  org.apache.logging.log4j.LogManager - Navigated to URL: https://opensource-demo.orangehrmlive.com/web/index.php/auth/login
2025-04-16 14:55:19 [main] INFO  org.apache.logging.log4j.LogManager - WebPage Opened
2025-04-16 14:55:19 [main] INFO  org.apache.logging.log4j.LogManager - Credentials Entered
2025-04-16 14:55:19 [main] INFO  org.apache.logging.log4j.LogManager - Clicked Login button
2025-04-16 14:55:21 [main] INFO  org.apache.logging.log4j.LogManager - Clicked Admin Menu
2025-04-16 14:55:24 [main] INFO  org.apache.logging.log4j.LogManager - Filled the Filter Fileds
2025-04-16 14:55:28 [main] INFO  org.apache.logging.log4j.LogManager - Clicked the Search button
2025-04-16 14:55:29 [main] INFO  org.apache.logging.log4j.LogManager - Browser closed successfully
2025-04-16 14:55:35 [main] INFO  org.apache.logging.log4j.LogManager - Firefox opened
2025-04-16 14:55:35 [main] INFO  org.apache.logging.log4j.LogManager - Window has been maximized
2025-04-16 14:55:38 [main] INFO  org.apache.logging.log4j.LogManager - Navigated to URL: https://opensource-demo.orangehrmlive.com/web/index.php/auth/login
2025-04-16 14:55:40 [main] INFO  org.apache.logging.log4j.LogManager - WebPage Opened
2025-04-16 14:55:40 [main] INFO  org.apache.logging.log4j.LogManager - Credentials Entered
2025-04-16 14:55:40 [main] INFO  org.apache.logging.log4j.LogManager - Clicked Login button
2025-04-16 14:55:42 [main] INFO  org.apache.logging.log4j.LogManager - Clicked Admin Menu
2025-04-16 14:55:46 [main] INFO  org.apache.logging.log4j.LogManager - Filled the Filter Fileds
2025-04-16 14:55:50 [main] INFO  org.apache.logging.log4j.LogManager - Clicked the Search button
2025-04-16 14:55:52 [main] INFO  org.apache.logging.log4j.LogManager - Browser closed successfully
2025-04-16 14:55:57 [main] INFO  org.apache.logging.log4j.LogManager - Firefox opened
2025-04-16 14:55:57 [main] INFO  org.apache.logging.log4j.LogManager - Window has been maximized
2025-04-16 14:56:00 [main] INFO  org.apache.logging.log4j.LogManager - Navigated to URL: https://opensource-demo.orangehrmlive.com/web/index.php/auth/login
2025-04-16 14:56:03 [main] INFO  org.apache.logging.log4j.LogManager - WebPage Opened
2025-04-16 14:56:03 [main] INFO  org.apache.logging.log4j.LogManager - Credentials Entered
2025-04-16 14:56:03 [main] INFO  org.apache.logging.log4j.LogManager - Clicked Login button
2025-04-16 14:56:06 [main] INFO  org.apache.logging.log4j.LogManager - Clicked Admin Menu
2025-04-16 14:56:10 [main] INFO  org.apache.logging.log4j.LogManager - Filled the Filter Fileds
2025-04-16 14:56:13 [main] INFO  org.apache.logging.log4j.LogManager - Clicked the Search button
2025-04-16 14:56:15 [main] INFO  org.apache.logging.log4j.LogManager - Browser closed successfully
2025-04-16 14:56:22 [main] INFO  org.apache.logging.log4j.LogManager - Firefox opened
2025-04-16 14:56:22 [main] INFO  org.apache.logging.log4j.LogManager - Window has been maximized
2025-04-16 14:56:26 [main] INFO  org.apache.logging.log4j.LogManager - Navigated to URL: https://opensource-demo.orangehrmlive.com/web/index.php/auth/login
2025-04-16 14:56:28 [main] INFO  org.apache.logging.log4j.LogManager - WebPage Opened
2025-04-16 14:56:28 [main] INFO  org.apache.logging.log4j.LogManager - Credentials Entered
2025-04-16 14:56:28 [main] INFO  org.apache.logging.log4j.LogManager - Clicked Login button
2025-04-16 14:56:30 [main] INFO  org.apache.logging.log4j.LogManager - Clicked Admin Menu
2025-04-16 14:56:36 [main] INFO  org.apache.logging.log4j.LogManager - Filled the Filter Fileds
2025-04-16 14:56:40 [main] INFO  org.apache.logging.log4j.LogManager - Clicked the Search button
2025-04-16 14:56:41 [main] INFO  org.apache.logging.log4j.LogManager - Browser closed successfully
2025-04-16 14:56:46 [main] INFO  org.apache.logging.log4j.LogManager - Firefox opened
2025-04-16 14:56:46 [main] INFO  org.apache.logging.log4j.LogManager - Window has been maximized
2025-04-16 14:56:49 [main] INFO  org.apache.logging.log4j.LogManager - Navigated to URL: https://opensource-demo.orangehrmlive.com/web/index.php/auth/login
2025-04-16 14:56:51 [main] INFO  org.apache.logging.log4j.LogManager - WebPage Opened
2025-04-16 14:56:51 [main] INFO  org.apache.logging.log4j.LogManager - Credentials Entered
2025-04-16 14:56:51 [main] INFO  org.apache.logging.log4j.LogManager - Clicked Login button
2025-04-16 14:56:53 [main] INFO  org.apache.logging.log4j.LogManager - Clicked Admin Menu
2025-04-16 14:57:00 [main] INFO  org.apache.logging.log4j.LogManager - Filled the Filter Fileds
2025-04-16 14:57:04 [main] INFO  org.apache.logging.log4j.LogManager - Clicked the Search button
2025-04-16 14:57:05 [main] INFO  org.apache.logging.log4j.LogManager - Browser closed successfully
2025-04-16 14:57:10 [main] INFO  org.apache.logging.log4j.LogManager - Firefox opened
2025-04-16 14:57:10 [main] INFO  org.apache.logging.log4j.LogManager - Window has been maximized
2025-04-16 14:57:13 [main] INFO  org.apache.logging.log4j.LogManager - Navigated to URL: https://opensource-demo.orangehrmlive.com/web/index.php/auth/login
2025-04-16 14:57:15 [main] INFO  org.apache.logging.log4j.LogManager - WebPage Opened
2025-04-16 14:57:15 [main] INFO  org.apache.logging.log4j.LogManager - Credentials Entered
2025-04-16 14:57:15 [main] INFO  org.apache.logging.log4j.LogManager - Clicked Login button
2025-04-16 14:57:19 [main] INFO  org.apache.logging.log4j.LogManager - Clicked Admin Menu
2025-04-16 14:57:29 [main] INFO  org.apache.logging.log4j.LogManager - Filled the Filter Fileds
2025-04-16 14:57:32 [main] INFO  org.apache.logging.log4j.LogManager - Clicked the Search button
2025-04-16 14:57:34 [main] INFO  org.apache.logging.log4j.LogManager - Browser closed successfully
2025-04-16 14:57:39 [main] INFO  org.apache.logging.log4j.LogManager - Firefox opened
2025-04-16 14:57:39 [main] INFO  org.apache.logging.log4j.LogManager - Window has been maximized
2025-04-16 14:57:43 [main] INFO  org.apache.logging.log4j.LogManager - Navigated to URL: https://opensource-demo.orangehrmlive.com/web/index.php/auth/login
2025-04-16 14:57:45 [main] INFO  org.apache.logging.log4j.LogManager - WebPage Opened
2025-04-16 14:57:45 [main] INFO  org.apache.logging.log4j.LogManager - Credentials Entered
2025-04-16 14:57:45 [main] INFO  org.apache.logging.log4j.LogManager - Clicked Login button
2025-04-16 14:57:47 [main] INFO  org.apache.logging.log4j.LogManager - Clicked Admin Menu
2025-04-16 14:57:54 [main] INFO  org.apache.logging.log4j.LogManager - Filled the Filter Fileds
2025-04-16 14:57:57 [main] INFO  org.apache.logging.log4j.LogManager - Clicked the Search button
2025-04-16 14:57:59 [main] INFO  org.apache.logging.log4j.LogManager - Browser closed successfully
2025-04-16 14:58:04 [main] INFO  org.apache.logging.log4j.LogManager - Firefox opened
2025-04-16 14:58:04 [main] INFO  org.apache.logging.log4j.LogManager - Window has been maximized
2025-04-16 14:58:07 [main] INFO  org.apache.logging.log4j.LogManager - Navigated to URL: https://opensource-demo.orangehrmlive.com/web/index.php/auth/login
2025-04-16 14:58:10 [main] INFO  org.apache.logging.log4j.LogManager - WebPage Opened
2025-04-16 14:58:10 [main] INFO  org.apache.logging.log4j.LogManager - Credentials Entered
2025-04-16 14:58:10 [main] INFO  org.apache.logging.log4j.LogManager - Clicked Login button
2025-04-16 14:58:12 [main] INFO  org.apache.logging.log4j.LogManager - Clicked Admin Menu
2025-04-16 14:58:19 [main] INFO  org.apache.logging.log4j.LogManager - Filled the Filter Fileds
2025-04-16 14:58:22 [main] INFO  org.apache.logging.log4j.LogManager - Clicked the Search button
2025-04-16 14:58:23 [main] INFO  org.apache.logging.log4j.LogManager - Browser closed successfully
2025-04-16 14:58:31 [main] INFO  org.apache.logging.log4j.LogManager - Firefox opened
2025-04-16 14:58:32 [main] INFO  org.apache.logging.log4j.LogManager - Window has been maximized
2025-04-16 14:58:35 [main] INFO  org.apache.logging.log4j.LogManager - Navigated to URL: https://opensource-demo.orangehrmlive.com/web/index.php/auth/login
2025-04-16 14:58:38 [main] INFO  org.apache.logging.log4j.LogManager - WebPage Opened
2025-04-16 14:58:38 [main] INFO  org.apache.logging.log4j.LogManager - Credentials Entered
2025-04-16 14:58:38 [main] INFO  org.apache.logging.log4j.LogManager - Clicked Login button
2025-04-16 14:58:40 [main] INFO  org.apache.logging.log4j.LogManager - Clicked Admin Menu
2025-04-16 14:58:51 [main] INFO  org.apache.logging.log4j.LogManager - Filled the Filter Fileds
2025-04-16 14:58:54 [main] INFO  org.apache.logging.log4j.LogManager - Clicked the Search button
2025-04-16 14:58:55 [main] INFO  org.apache.logging.log4j.LogManager - Browser closed successfully
2025-04-16 14:59:01 [main] INFO  org.apache.logging.log4j.LogManager - Firefox opened
2025-04-16 14:59:01 [main] INFO  org.apache.logging.log4j.LogManager - Window has been maximized
2025-04-16 14:59:05 [main] INFO  org.apache.logging.log4j.LogManager - Navigated to URL: https://opensource-demo.orangehrmlive.com/web/index.php/auth/login
2025-04-16 14:59:09 [main] INFO  org.apache.logging.log4j.LogManager - WebPage Opened
2025-04-16 14:59:09 [main] INFO  org.apache.logging.log4j.LogManager - Credentials Entered
2025-04-16 14:59:09 [main] INFO  org.apache.logging.log4j.LogManager - Clicked Login button
2025-04-16 14:59:12 [main] INFO  org.apache.logging.log4j.LogManager - Clicked Admin Menu
2025-04-16 14:59:19 [main] INFO  org.apache.logging.log4j.LogManager - Filled the Filter Fileds
2025-04-16 14:59:23 [main] INFO  org.apache.logging.log4j.LogManager - Clicked the Search button
2025-04-16 14:59:24 [main] INFO  org.apache.logging.log4j.LogManager - Browser closed successfully
2025-04-16 14:59:31 [main] INFO  org.apache.logging.log4j.LogManager - Firefox opened
2025-04-16 14:59:31 [main] INFO  org.apache.logging.log4j.LogManager - Window has been maximized
2025-04-16 14:59:35 [main] INFO  org.apache.logging.log4j.LogManager - Navigated to URL: https://opensource-demo.orangehrmlive.com/web/index.php/auth/login
2025-04-16 14:59:37 [main] INFO  org.apache.logging.log4j.LogManager - WebPage Opened
2025-04-16 14:59:37 [main] INFO  org.apache.logging.log4j.LogManager - Credentials Entered
2025-04-16 14:59:37 [main] INFO  org.apache.logging.log4j.LogManager - Clicked Login button
2025-04-16 14:59:39 [main] INFO  org.apache.logging.log4j.LogManager - Clicked Admin Menu
2025-04-16 14:59:40 [main] INFO  org.apache.logging.log4j.LogManager - Filled the Filter Fileds
2025-04-16 14:59:43 [main] INFO  org.apache.logging.log4j.LogManager - Clicked the Search button
2025-04-16 14:59:43 [main] INFO  org.apache.logging.log4j.LogManager - Error Message Displayed
2025-04-16 14:59:44 [main] INFO  org.apache.logging.log4j.LogManager - Browser closed successfully
2025-04-16 14:59:51 [main] INFO  org.apache.logging.log4j.LogManager - Firefox opened
2025-04-16 14:59:51 [main] INFO  org.apache.logging.log4j.LogManager - Window has been maximized
2025-04-16 14:59:54 [main] INFO  org.apache.logging.log4j.LogManager - Navigated to URL: https://opensource-demo.orangehrmlive.com/web/index.php/auth/login
2025-04-16 14:59:57 [main] INFO  org.apache.logging.log4j.LogManager - WebPage Opened
2025-04-16 14:59:57 [main] INFO  org.apache.logging.log4j.LogManager - Credentials Entered
2025-04-16 14:59:57 [main] INFO  org.apache.logging.log4j.LogManager - Clicked Login button
2025-04-16 14:59:59 [main] INFO  org.apache.logging.log4j.LogManager - Clicked Admin Menu
2025-04-16 15:00:02 [main] INFO  org.apache.logging.log4j.LogManager - Filled the Filter Fileds
2025-04-16 15:00:06 [main] INFO  org.apache.logging.log4j.LogManager - Clicked the Search button
2025-04-16 15:00:06 [main] INFO  org.apache.logging.log4j.LogManager - Error Message Displayed
2025-04-16 15:00:07 [main] INFO  org.apache.logging.log4j.LogManager - Browser closed successfully
2025-04-16 15:00:12 [main] INFO  org.apache.logging.log4j.LogManager - Firefox opened
2025-04-16 15:00:12 [main] INFO  org.apache.logging.log4j.LogManager - Window has been maximized
2025-04-16 15:00:16 [main] INFO  org.apache.logging.log4j.LogManager - Navigated to URL: https://opensource-demo.orangehrmlive.com/web/index.php/auth/login
2025-04-16 15:00:19 [main] INFO  org.apache.logging.log4j.LogManager - WebPage Opened
2025-04-16 15:00:19 [main] INFO  org.apache.logging.log4j.LogManager - Credentials Entered
2025-04-16 15:00:19 [main] INFO  org.apache.logging.log4j.LogManager - Clicked Login button
2025-04-16 15:00:21 [main] INFO  org.apache.logging.log4j.LogManager - Clicked Admin Menu
2025-04-16 15:00:31 [main] INFO  org.apache.logging.log4j.LogManager - Filled the Filter Fileds
2025-04-16 15:00:35 [main] INFO  org.apache.logging.log4j.LogManager - Clicked the Search button
2025-04-16 15:00:35 [main] INFO  org.apache.logging.log4j.LogManager - Error Message Displayed
2025-04-16 15:00:36 [main] INFO  org.apache.logging.log4j.LogManager - Browser closed successfully
2025-04-16 15:00:43 [main] INFO  org.apache.logging.log4j.LogManager - Firefox opened
2025-04-16 15:00:43 [main] INFO  org.apache.logging.log4j.LogManager - Window has been maximized
2025-04-16 15:00:46 [main] INFO  org.apache.logging.log4j.LogManager - Navigated to URL: https://opensource-demo.orangehrmlive.com/web/index.php/auth/login
2025-04-16 15:00:49 [main] INFO  org.apache.logging.log4j.LogManager - WebPage Opened
2025-04-16 15:00:49 [main] INFO  org.apache.logging.log4j.LogManager - Credentials Entered
2025-04-16 15:00:49 [main] INFO  org.apache.logging.log4j.LogManager - Clicked Login button
2025-04-16 15:00:53 [main] INFO  org.apache.logging.log4j.LogManager - Clicked Admin Menu
2025-04-16 15:00:57 [main] INFO  org.apache.logging.log4j.LogManager - Filled the Filter Fileds
2025-04-16 15:01:00 [main] INFO  org.apache.logging.log4j.LogManager - Clicked the Search button
2025-04-16 15:01:00 [main] INFO  org.apache.logging.log4j.LogManager - Error Message Displayed
2025-04-16 15:01:01 [main] INFO  org.apache.logging.log4j.LogManager - Browser closed successfully
2025-04-16 15:01:08 [main] INFO  org.apache.logging.log4j.LogManager - Firefox opened
2025-04-16 15:01:08 [main] INFO  org.apache.logging.log4j.LogManager - Window has been maximized
2025-04-16 15:01:11 [main] INFO  org.apache.logging.log4j.LogManager - Navigated to URL: https://opensource-demo.orangehrmlive.com/web/index.php/auth/login
2025-04-16 15:01:18 [main] INFO  org.apache.logging.log4j.LogManager - WebPage Opened
2025-04-16 15:01:18 [main] INFO  org.apache.logging.log4j.LogManager - Credentials Entered
2025-04-16 15:01:18 [main] INFO  org.apache.logging.log4j.LogManager - Clicked Login button
2025-04-16 15:01:22 [main] INFO  org.apache.logging.log4j.LogManager - Clicked Admin Menu
2025-04-16 15:01:26 [main] INFO  org.apache.logging.log4j.LogManager - Filled the Filter Fileds
2025-04-16 15:01:29 [main] INFO  org.apache.logging.log4j.LogManager - Clicked the Search button
2025-04-16 15:01:29 [main] INFO  org.apache.logging.log4j.LogManager - Error Message Displayed
2025-04-16 15:01:30 [main] INFO  org.apache.logging.log4j.LogManager - Browser closed successfully
2025-04-16 15:01:35 [main] INFO  org.apache.logging.log4j.LogManager - Firefox opened
2025-04-16 15:01:35 [main] INFO  org.apache.logging.log4j.LogManager - Window has been maximized
2025-04-16 15:01:38 [main] INFO  org.apache.logging.log4j.LogManager - Navigated to URL: https://opensource-demo.orangehrmlive.com/web/index.php/auth/login
2025-04-16 15:01:42 [main] INFO  org.apache.logging.log4j.LogManager - WebPage Opened
2025-04-16 15:01:42 [main] INFO  org.apache.logging.log4j.LogManager - Credentials Entred
2025-04-16 15:01:45 [main] INFO  org.apache.logging.log4j.LogManager - Clicked Time Module
2025-04-16 15:01:46 [main] INFO  org.apache.logging.log4j.LogManager - Clicked Time Sheets
2025-04-16 15:01:53 [main] INFO  org.apache.logging.log4j.LogManager - Employee Selected
2025-04-16 15:01:54 [main] INFO  org.apache.logging.log4j.LogManager - Clicked on the employee Timesheet
2025-04-16 15:01:55 [main] INFO  org.apache.logging.log4j.LogManager - Clicked on Create Timesheet
2025-04-16 15:01:56 [main] INFO  org.apache.logging.log4j.LogManager - Browser closed successfully
2025-04-16 15:02:02 [main] INFO  org.apache.logging.log4j.LogManager - Firefox opened
2025-04-16 15:02:02 [main] INFO  org.apache.logging.log4j.LogManager - Window has been maximized
2025-04-16 15:02:06 [main] INFO  org.apache.logging.log4j.LogManager - Navigated to URL: https://opensource-demo.orangehrmlive.com/web/index.php/auth/login
2025-04-16 15:02:10 [main] INFO  org.apache.logging.log4j.LogManager - WebPage Opened
2025-04-16 15:02:10 [main] INFO  org.apache.logging.log4j.LogManager - Credentials Entred
2025-04-16 15:02:12 [main] INFO  org.apache.logging.log4j.LogManager - Clicked Time Module
2025-04-16 15:02:13 [main] INFO  org.apache.logging.log4j.LogManager - Clicked Time Sheets
2025-04-16 15:02:15 [main] INFO  org.apache.logging.log4j.LogManager - Clicked on the employee Timesheet
2025-04-16 15:02:16 [main] INFO  org.apache.logging.log4j.LogManager - Browser closed successfully
